<?xml version="1.0" encoding="UTF-8"?>
<!-- Generated by org.testng.reporters.JUnitReportReporter -->
<testsuite hostname="MAHADEV" failures="0" tests="1" name="Testcases.HomepageTest" time="17.526" errors="0" timestamp="10 Aug 2024 14:14:34 GMT" skipped="0">
  <testcase classname="Testcases.HomepageTest" name="TC03_SomeName" time="17.526"/>
</testsuite> <!-- Testcases.HomepageTest -->
