<?xml version="1.0" encoding="UTF-8"?>
<!-- Generated by org.testng.reporters.JUnitReportReporter -->
<testsuite hostname="MAHADEV" failures="0" tests="1" name="Testcases.HomepageTest" time="0.010" errors="0" timestamp="2025-02-13T12:23:41 IST" skipped="0">
  <testcase classname="Testcases.HomepageTest" name="TC03_SomeName" time="0.010"/>
</testsuite> <!-- Testcases.HomepageTest -->
